<?xml version="1.0" encoding="UTF-8"?>
<testsuite xmlns:xsi="http://www.w3.org/2001/XMLSchema-instance" xsi:noNamespaceSchemaLocation="https://maven.apache.org/surefire/maven-surefire-plugin/xsd/surefire-test-report.xsd" name="itson.sistemarestaurantepersistencia.implementaciones.ClientesFrecuentesDAOTest" time="1.387" tests="4" errors="2" skipped="0" failures="0">
  <properties>
    <property name="java.specification.version" value="22"/>
    <property name="sun.cpu.isalist" value="amd64"/>
    <property name="sun.jnu.encoding" value="Cp1252"/>
    <property name="java.class.path" value="C:\Users\rauln\Documents\GitHub\RestauranteBDAMain\RestauranteBDAMain\SistemaRestaurantePersistencia\target\test-classes;C:\Users\rauln\Documents\GitHub\RestauranteBDAMain\RestauranteBDAMain\SistemaRestaurantePersistencia\target\classes;C:\Users\rauln\Documents\GitHub\RestauranteBDAMain\RestauranteBDAMain\SistemaRestauranteDominio\target\SistemaRestauranteDominio-1.0.jar;C:\Users\rauln\.m2\repository\com\mysql\mysql-connector-j\9.2.0\mysql-connector-j-9.2.0.jar;C:\Users\rauln\.m2\repository\com\google\protobuf\protobuf-java\4.29.0\protobuf-java-4.29.0.jar;C:\Users\rauln\.m2\repository\org\eclipse\persistence\org.eclipse.persistence.core\2.7.12\org.eclipse.persistence.core-2.7.12.jar;C:\Users\rauln\.m2\repository\org\eclipse\persistence\org.eclipse.persistence.asm\9.4.0\org.eclipse.persistence.asm-9.4.0.jar;C:\Users\rauln\.m2\repository\org\eclipse\persistence\org.eclipse.persistence.antlr\2.7.12\org.eclipse.persistence.antlr-2.7.12.jar;C:\Users\rauln\.m2\repository\org\eclipse\persistence\org.eclipse.persistence.jpa\2.7.12\org.eclipse.persistence.jpa-2.7.12.jar;C:\Users\rauln\.m2\repository\org\eclipse\persistence\org.eclipse.persistence.jpa.jpql\2.7.12\org.eclipse.persistence.jpa.jpql-2.7.12.jar;C:\Users\rauln\.m2\repository\org\eclipse\persistence\org.eclipse.persistence.moxy\2.7.12\org.eclipse.persistence.moxy-2.7.12.jar;C:\Users\rauln\.m2\repository\org\eclipse\persistence\jakarta.persistence\2.2.3\jakarta.persistence-2.2.3.jar;C:\Users\rauln\.m2\repository\org\eclipse\persistence\org.eclipse.persistence.jpa.modelgen.processor\2.7.12\org.eclipse.persistence.jpa.modelgen.processor-2.7.12.jar;C:\Users\rauln\.m2\repository\org\junit\jupiter\junit-jupiter-api\5.10.3\junit-jupiter-api-5.10.3.jar;C:\Users\rauln\.m2\repository\org\opentest4j\opentest4j\1.3.0\opentest4j-1.3.0.jar;C:\Users\rauln\.m2\repository\org\junit\platform\junit-platform-commons\1.10.3\junit-platform-commons-1.10.3.jar;C:\Users\rauln\.m2\repository\org\apiguardian\apiguardian-api\1.1.2\apiguardian-api-1.1.2.jar;C:\Users\rauln\.m2\repository\org\junit\jupiter\junit-jupiter-params\5.10.3\junit-jupiter-params-5.10.3.jar;C:\Users\rauln\.m2\repository\org\junit\jupiter\junit-jupiter-engine\5.10.3\junit-jupiter-engine-5.10.3.jar;C:\Users\rauln\.m2\repository\org\junit\platform\junit-platform-engine\1.10.3\junit-platform-engine-1.10.3.jar;C:\Users\rauln\Documents\GitHub\RestauranteBDAMain\RestauranteBDAMain\Encriptacion\target\Encriptacion-1.0-SNAPSHOT.jar;"/>
    <property name="java.vm.vendor" value="Oracle Corporation"/>
    <property name="sun.arch.data.model" value="64"/>
    <property name="user.variant" value=""/>
    <property name="java.vendor.url" value="https://java.oracle.com/"/>
    <property name="user.timezone" value="America/Hermosillo"/>
    <property name="os.name" value="Windows 11"/>
    <property name="java.vm.specification.version" value="22"/>
    <property name="user.country" value="MX"/>
    <property name="sun.java.launcher" value="SUN_STANDARD"/>
    <property name="sun.boot.library.path" value="C:\Program Files\Java\jdk-22\bin"/>
    <property name="sun.java.command" value="C:\Users\rauln\AppData\Local\Temp\surefire2281415908792072791\surefirebooter8763247895213895874.jar C:\Users\rauln\AppData\Local\Temp\surefire2281415908792072791 2025-04-11T21-52-21_258-jvmRun1 surefire4623641199121108134tmp surefire_07667338958423699077tmp"/>
    <property name="jdk.debug" value="release"/>
    <property name="surefire.test.class.path" value="C:\Users\rauln\Documents\GitHub\RestauranteBDAMain\RestauranteBDAMain\SistemaRestaurantePersistencia\target\test-classes;C:\Users\rauln\Documents\GitHub\RestauranteBDAMain\RestauranteBDAMain\SistemaRestaurantePersistencia\target\classes;C:\Users\rauln\Documents\GitHub\RestauranteBDAMain\RestauranteBDAMain\SistemaRestauranteDominio\target\SistemaRestauranteDominio-1.0.jar;C:\Users\rauln\.m2\repository\com\mysql\mysql-connector-j\9.2.0\mysql-connector-j-9.2.0.jar;C:\Users\rauln\.m2\repository\com\google\protobuf\protobuf-java\4.29.0\protobuf-java-4.29.0.jar;C:\Users\rauln\.m2\repository\org\eclipse\persistence\org.eclipse.persistence.core\2.7.12\org.eclipse.persistence.core-2.7.12.jar;C:\Users\rauln\.m2\repository\org\eclipse\persistence\org.eclipse.persistence.asm\9.4.0\org.eclipse.persistence.asm-9.4.0.jar;C:\Users\rauln\.m2\repository\org\eclipse\persistence\org.eclipse.persistence.antlr\2.7.12\org.eclipse.persistence.antlr-2.7.12.jar;C:\Users\rauln\.m2\repository\org\eclipse\persistence\org.eclipse.persistence.jpa\2.7.12\org.eclipse.persistence.jpa-2.7.12.jar;C:\Users\rauln\.m2\repository\org\eclipse\persistence\org.eclipse.persistence.jpa.jpql\2.7.12\org.eclipse.persistence.jpa.jpql-2.7.12.jar;C:\Users\rauln\.m2\repository\org\eclipse\persistence\org.eclipse.persistence.moxy\2.7.12\org.eclipse.persistence.moxy-2.7.12.jar;C:\Users\rauln\.m2\repository\org\eclipse\persistence\jakarta.persistence\2.2.3\jakarta.persistence-2.2.3.jar;C:\Users\rauln\.m2\repository\org\eclipse\persistence\org.eclipse.persistence.jpa.modelgen.processor\2.7.12\org.eclipse.persistence.jpa.modelgen.processor-2.7.12.jar;C:\Users\rauln\.m2\repository\org\junit\jupiter\junit-jupiter-api\5.10.3\junit-jupiter-api-5.10.3.jar;C:\Users\rauln\.m2\repository\org\opentest4j\opentest4j\1.3.0\opentest4j-1.3.0.jar;C:\Users\rauln\.m2\repository\org\junit\platform\junit-platform-commons\1.10.3\junit-platform-commons-1.10.3.jar;C:\Users\rauln\.m2\repository\org\apiguardian\apiguardian-api\1.1.2\apiguardian-api-1.1.2.jar;C:\Users\rauln\.m2\repository\org\junit\jupiter\junit-jupiter-params\5.10.3\junit-jupiter-params-5.10.3.jar;C:\Users\rauln\.m2\repository\org\junit\jupiter\junit-jupiter-engine\5.10.3\junit-jupiter-engine-5.10.3.jar;C:\Users\rauln\.m2\repository\org\junit\platform\junit-platform-engine\1.10.3\junit-platform-engine-1.10.3.jar;C:\Users\rauln\Documents\GitHub\RestauranteBDAMain\RestauranteBDAMain\Encriptacion\target\Encriptacion-1.0-SNAPSHOT.jar;"/>
    <property name="sun.cpu.endian" value="little"/>
    <property name="user.home" value="C:\Users\rauln"/>
    <property name="user.language" value="es"/>
    <property name="java.specification.vendor" value="Oracle Corporation"/>
    <property name="java.version.date" value="2024-04-16"/>
    <property name="java.home" value="C:\Program Files\Java\jdk-22"/>
    <property name="file.separator" value="\"/>
    <property name="basedir" value="C:\Users\rauln\Documents\GitHub\RestauranteBDAMain\RestauranteBDAMain\SistemaRestaurantePersistencia"/>
    <property name="java.vm.compressedOopsMode" value="Zero based"/>
    <property name="line.separator" value="&#10;"/>
    <property name="java.vm.specification.vendor" value="Oracle Corporation"/>
    <property name="java.specification.name" value="Java Platform API Specification"/>
    <property name="surefire.real.class.path" value="C:\Users\rauln\AppData\Local\Temp\surefire2281415908792072791\surefirebooter8763247895213895874.jar"/>
    <property name="user.script" value=""/>
    <property name="sun.management.compiler" value="HotSpot 64-Bit Tiered Compilers"/>
    <property name="java.runtime.version" value="22.0.1+8-16"/>
    <property name="user.name" value="rauln"/>
    <property name="stdout.encoding" value="Cp1252"/>
    <property name="path.separator" value=";"/>
    <property name="os.version" value="10.0"/>
    <property name="java.runtime.name" value="Java(TM) SE Runtime Environment"/>
    <property name="file.encoding" value="UTF-8"/>
    <property name="java.vm.name" value="Java HotSpot(TM) 64-Bit Server VM"/>
    <property name="maven.ext.class.path" value="C:\Program Files\NetBeans-22\netbeans\java\maven-nblib\netbeans-eventspy.jar"/>
    <property name="localRepository" value="C:\Users\rauln\.m2\repository"/>
    <property name="java.vendor.url.bug" value="https://bugreport.java.com/bugreport/"/>
    <property name="java.io.tmpdir" value="C:\Users\rauln\AppData\Local\Temp\"/>
    <property name="java.version" value="22.0.1"/>
    <property name="user.dir" value="C:\Users\rauln\Documents\GitHub\RestauranteBDAMain\RestauranteBDAMain\SistemaRestaurantePersistencia"/>
    <property name="os.arch" value="amd64"/>
    <property name="java.vm.specification.name" value="Java Virtual Machine Specification"/>
    <property name="sun.os.patch.level" value=""/>
    <property name="native.encoding" value="Cp1252"/>
    <property name="java.library.path" value="C:\Program Files\Java\jdk-22\bin;C:\WINDOWS\Sun\Java\bin;C:\WINDOWS\system32;C:\WINDOWS;C:\Program Files\Common Files\Oracle\Java\javapath;C:\Program Files (x86)\Common Files\Oracle\Java\java8path;C:\Program Files (x86)\Common Files\Oracle\Java\javapath;C:\WINDOWS\system32;C:\WINDOWS;C:\WINDOWS\System32\Wbem;C:\WINDOWS\System32\WindowsPowerShell\v1.0\;C:\WINDOWS\System32\OpenSSH\;C:\Program Files\dotnet\;C:\Program Files\Git\cmd;C:\Users\rauln\AppData\Local\Programs\Python\Python313\Scripts\;C:\Users\rauln\AppData\Local\Programs\Python\Python313\;C:\Users\rauln\AppData\Local\Programs\Python\Python312\Scripts\;C:\Users\rauln\AppData\Local\Programs\Python\Python312\;C:\Users\rauln\AppData\Local\Microsoft\WindowsApps;C:\Users\rauln\AppData\Local\Programs\Microsoft VS Code\bin;C:\Users\rauln\AppData\Local\GitHubDesktop\bin;."/>
    <property name="java.vm.info" value="mixed mode, sharing"/>
    <property name="stderr.encoding" value="Cp1252"/>
    <property name="java.vendor" value="Oracle Corporation"/>
    <property name="java.vm.version" value="22.0.1+8-16"/>
    <property name="sun.io.unicode.encoding" value="UnicodeLittle"/>
    <property name="java.class.version" value="66.0"/>
  </properties>
  <testcase name="testObtenerTodosLosClientes" classname="itson.sistemarestaurantepersistencia.implementaciones.ClientesFrecuentesDAOTest" time="0.918"/>
  <testcase name="testRegistrarClienteOk" classname="itson.sistemarestaurantepersistencia.implementaciones.ClientesFrecuentesDAOTest" time="0.404">
    <error message="Exception [EclipseLink-4002] (Eclipse Persistence Services - 2.7.12.v20230209-e5c4074ef3): org.eclipse.persistence.exceptions.DatabaseException&#10;Internal Exception: java.sql.SQLIntegrityConstraintViolationException: Duplicate entry &apos;1451451451&apos; for key &apos;clientesfrecuentes.telefono&apos;&#10;Error Code: 1062&#10;Call: INSERT INTO clientesFrecuentes (apellidoMaterno, apellidoPaterno, correo, fechaRegistro, nombre, puntosFidelidad, telefono) VALUES (?, ?, ?, ?, ?, ?, ?)&#10;	bind =&gt; [7 parameters bound]&#10;Query: InsertObjectQuery(ClienteFrecuente{id=null, nombre=&apos;Carlos&apos;, apellidoPaterno=&apos;Moreno&apos;, apellidoMaterno=&apos;Lopez&apos;, telefono=&apos;1451451451&apos;, correo=&apos;ari@gmail.com&apos;, fechaRegistro=Fri Apr 11 21:52:22 MST 2025})" type="javax.persistence.RollbackException">javax.persistence.RollbackException: 
Exception [EclipseLink-4002] (Eclipse Persistence Services - 2.7.12.v20230209-e5c4074ef3): org.eclipse.persistence.exceptions.DatabaseException
Internal Exception: java.sql.SQLIntegrityConstraintViolationException: Duplicate entry '1451451451' for key 'clientesfrecuentes.telefono'
Error Code: 1062
Call: INSERT INTO clientesFrecuentes (apellidoMaterno, apellidoPaterno, correo, fechaRegistro, nombre, puntosFidelidad, telefono) VALUES (?, ?, ?, ?, ?, ?, ?)
	bind => [7 parameters bound]
Query: InsertObjectQuery(ClienteFrecuente{id=null, nombre='Carlos', apellidoPaterno='Moreno', apellidoMaterno='Lopez', telefono='1451451451', correo='ari@gmail.com', fechaRegistro=Fri Apr 11 21:52:22 MST 2025})
	at itson.sistemarestaurantepersistencia.implementaciones.ClientesFrecuentesDAOTest.testRegistrarClienteOk(ClientesFrecuentesDAOTest.java:50)
Caused by: org.eclipse.persistence.exceptions.DatabaseException: 

Internal Exception: java.sql.SQLIntegrityConstraintViolationException: Duplicate entry '1451451451' for key 'clientesfrecuentes.telefono'
Error Code: 1062
Call: INSERT INTO clientesFrecuentes (apellidoMaterno, apellidoPaterno, correo, fechaRegistro, nombre, puntosFidelidad, telefono) VALUES (?, ?, ?, ?, ?, ?, ?)
	bind => [7 parameters bound]
Query: InsertObjectQuery(ClienteFrecuente{id=null, nombre='Carlos', apellidoPaterno='Moreno', apellidoMaterno='Lopez', telefono='1451451451', correo='ari@gmail.com', fechaRegistro=Fri Apr 11 21:52:22 MST 2025})
	at itson.sistemarestaurantepersistencia.implementaciones.ClientesFrecuentesDAOTest.testRegistrarClienteOk(ClientesFrecuentesDAOTest.java:50)
Caused by: java.sql.SQLIntegrityConstraintViolationException: Duplicate entry '1451451451' for key 'clientesfrecuentes.telefono'
	at itson.sistemarestaurantepersistencia.implementaciones.ClientesFrecuentesDAOTest.testRegistrarClienteOk(ClientesFrecuentesDAOTest.java:50)
</error>
    <system-out><![CDATA[[EL Warning]: 2025-04-11 21:52:23.204--UnitOfWork(1953175805)--Exception [EclipseLink-4002] (Eclipse Persistence Services - 2.7.12.v20230209-e5c4074ef3): org.eclipse.persistence.exceptions.DatabaseException
Internal Exception: java.sql.SQLIntegrityConstraintViolationException: Duplicate entry '1451451451' for key 'clientesfrecuentes.telefono'
Error Code: 1062
Call: INSERT INTO clientesFrecuentes (apellidoMaterno, apellidoPaterno, correo, fechaRegistro, nombre, puntosFidelidad, telefono) VALUES (?, ?, ?, ?, ?, ?, ?)
	bind => [7 parameters bound]
Query: InsertObjectQuery(ClienteFrecuente{id=null, nombre='Carlos', apellidoPaterno='Moreno', apellidoMaterno='Lopez', telefono='1451451451', correo='ari@gmail.com', fechaRegistro=Fri Apr 11 21:52:22 MST 2025})
]]></system-out>
  </testcase>
  <testcase name="testRegistrarClienteCorreoNull" classname="itson.sistemarestaurantepersistencia.implementaciones.ClientesFrecuentesDAOTest" time="0.018">
    <error message="Exception [EclipseLink-4002] (Eclipse Persistence Services - 2.7.12.v20230209-e5c4074ef3): org.eclipse.persistence.exceptions.DatabaseException&#10;Internal Exception: java.sql.SQLIntegrityConstraintViolationException: Duplicate entry &apos;1111111111&apos; for key &apos;clientesfrecuentes.telefono&apos;&#10;Error Code: 1062&#10;Call: INSERT INTO clientesFrecuentes (apellidoMaterno, apellidoPaterno, correo, fechaRegistro, nombre, puntosFidelidad, telefono) VALUES (?, ?, ?, ?, ?, ?, ?)&#10;	bind =&gt; [7 parameters bound]&#10;Query: InsertObjectQuery(ClienteFrecuente{id=null, nombre=&apos;Carlos&apos;, apellidoPaterno=&apos;Moreno&apos;, apellidoMaterno=&apos;Lopez&apos;, telefono=&apos;1111111111&apos;, correo=&apos;null&apos;, fechaRegistro=Fri Apr 11 21:52:23 MST 2025})" type="javax.persistence.RollbackException">javax.persistence.RollbackException: 
Exception [EclipseLink-4002] (Eclipse Persistence Services - 2.7.12.v20230209-e5c4074ef3): org.eclipse.persistence.exceptions.DatabaseException
Internal Exception: java.sql.SQLIntegrityConstraintViolationException: Duplicate entry '1111111111' for key 'clientesfrecuentes.telefono'
Error Code: 1062
Call: INSERT INTO clientesFrecuentes (apellidoMaterno, apellidoPaterno, correo, fechaRegistro, nombre, puntosFidelidad, telefono) VALUES (?, ?, ?, ?, ?, ?, ?)
	bind => [7 parameters bound]
Query: InsertObjectQuery(ClienteFrecuente{id=null, nombre='Carlos', apellidoPaterno='Moreno', apellidoMaterno='Lopez', telefono='1111111111', correo='null', fechaRegistro=Fri Apr 11 21:52:23 MST 2025})
	at itson.sistemarestaurantepersistencia.implementaciones.ClientesFrecuentesDAOTest.testRegistrarClienteCorreoNull(ClientesFrecuentesDAOTest.java:68)
Caused by: org.eclipse.persistence.exceptions.DatabaseException: 

Internal Exception: java.sql.SQLIntegrityConstraintViolationException: Duplicate entry '1111111111' for key 'clientesfrecuentes.telefono'
Error Code: 1062
Call: INSERT INTO clientesFrecuentes (apellidoMaterno, apellidoPaterno, correo, fechaRegistro, nombre, puntosFidelidad, telefono) VALUES (?, ?, ?, ?, ?, ?, ?)
	bind => [7 parameters bound]
Query: InsertObjectQuery(ClienteFrecuente{id=null, nombre='Carlos', apellidoPaterno='Moreno', apellidoMaterno='Lopez', telefono='1111111111', correo='null', fechaRegistro=Fri Apr 11 21:52:23 MST 2025})
	at itson.sistemarestaurantepersistencia.implementaciones.ClientesFrecuentesDAOTest.testRegistrarClienteCorreoNull(ClientesFrecuentesDAOTest.java:68)
Caused by: java.sql.SQLIntegrityConstraintViolationException: Duplicate entry '1111111111' for key 'clientesfrecuentes.telefono'
	at itson.sistemarestaurantepersistencia.implementaciones.ClientesFrecuentesDAOTest.testRegistrarClienteCorreoNull(ClientesFrecuentesDAOTest.java:68)
</error>
    <system-out><![CDATA[[EL Warning]: 2025-04-11 21:52:23.236--UnitOfWork(757779849)--Exception [EclipseLink-4002] (Eclipse Persistence Services - 2.7.12.v20230209-e5c4074ef3): org.eclipse.persistence.exceptions.DatabaseException
Internal Exception: java.sql.SQLIntegrityConstraintViolationException: Duplicate entry '1111111111' for key 'clientesfrecuentes.telefono'
Error Code: 1062
Call: INSERT INTO clientesFrecuentes (apellidoMaterno, apellidoPaterno, correo, fechaRegistro, nombre, puntosFidelidad, telefono) VALUES (?, ?, ?, ?, ?, ?, ?)
	bind => [7 parameters bound]
Query: InsertObjectQuery(ClienteFrecuente{id=null, nombre='Carlos', apellidoPaterno='Moreno', apellidoMaterno='Lopez', telefono='1111111111', correo='null', fechaRegistro=Fri Apr 11 21:52:23 MST 2025})
]]></system-out>
  </testcase>
  <testcase name="testObtenerReporteClientesFrecuentes" classname="itson.sistemarestaurantepersistencia.implementaciones.ClientesFrecuentesDAOTest" time="0.028"/>
</testsuite>